<?xml version="1.0" encoding="UTF-8"?>
<testsuites name="Purchase before Login" time="40.152" tests="1" failures="0" errors="0">
   <testsuite name="Purchase before Login" tests="1" failures="0" errors="0" time="40.152" timestamp="2022-09-19 12:09:49" hostname="Intan - Asus" id="Test Suites/Purchase before Login">
      <properties>
         <property name="deviceName" value=""/>
         <property name="devicePlatform" value=""/>
         <property name="logFolder" value="C:\\Users\\Intan\\Documents\\ruparupa.com\\Reports\\20220919_120942\\Purchase before Login\\20220919_120942"/>
         <property name="logFiles" value="C:\\Users\\Intan\\Documents\\ruparupa.com\\Reports\\20220919_120942\\Purchase before Login\\20220919_120942\\execution0.log"/>
         <property name="attachments" value=""/>
         <property name="hostName" value="Intan - Asus"/>
         <property name="os" value="Windows 10 64bit"/>
         <property name="katalonVersion" value="7.6.5.205"/>
         <property name="browser" value="Chrome 105.0.0.0"/>
         <property name="hostAddress" value="172.20.10.6"/>
         <property name="sessionId" value="8ec36014f1427a8a7e8d1b3a20aff2e2"/>
         <property name="seleniumVersion" value="3.141.59"/>
         <property name="proxyInformation" value="ProxyInformation { proxyOption=NO_PROXY, proxyServerType=HTTP, username=, password=********, proxyServerAddress=, proxyServerPort=0, executionList=&quot;&quot;, isApplyToDesiredCapabilities=true }"/>
         <property name="platform" value="Windows 10"/>
      </properties>
      <testcase name="Test Cases/Purchase" time="37.665" classname="Test Cases/Purchase" status="PASSED">
         <system-out><![CDATA[2022-09-19 12:09:49 - [TEST_CASE][PASSED] - Test Cases/Purchase: Test Cases/Purchase

2022-09-19 12:09:50 - [TEST_STEP][PASSED] - openBrowser(""): Browser is opened with url: ''

2022-09-19 12:09:51 - [MESSAGE][INFO] - Starting 'Chrome' driver

2022-09-19 12:09:51 - [MESSAGE][INFO] - Action delay is set to 0 milliseconds

2022-09-19 12:09:54 - [MESSAGE][PASSED] - Browser is opened with url: ''

2022-09-19 12:09:54 - [TEST_STEP][PASSED] - navigateToUrl("https://www.ruparupa.com/"): Navigate to 'https://www.ruparupa.com/' successfully

2022-09-19 12:09:57 - [MESSAGE][PASSED] - Navigate to 'https://www.ruparupa.com/' successfully

2022-09-19 12:09:57 - [TEST_STEP][PASSED] - click(findTestObject("Object Repository/Purchase/Page_Ruparupa  No.1 Home Living  Furniture _0f4397/div_Kategori")): Object: 'Object Repository/Purchase/Page_Ruparupa  No.1 Home Living  Furniture _0f4397/div_Kategori' is clicked on

2022-09-19 12:09:58 - [MESSAGE][PASSED] - Object: 'Object Repository/Purchase/Page_Ruparupa  No.1 Home Living  Furniture _0f4397/div_Kategori' is clicked on

2022-09-19 12:09:58 - [TEST_STEP][PASSED] - click(findTestObject("Object Repository/Purchase/Page_Ruparupa  No.1 Home Living  Furniture _0f4397/div_Rumah Tangga")): Object: 'Object Repository/Purchase/Page_Ruparupa  No.1 Home Living  Furniture _0f4397/div_Rumah Tangga' is clicked on

2022-09-19 12:10:02 - [MESSAGE][PASSED] - Object: 'Object Repository/Purchase/Page_Ruparupa  No.1 Home Living  Furniture _0f4397/div_Rumah Tangga' is clicked on

2022-09-19 12:10:02 - [TEST_STEP][PASSED] - click(findTestObject("Object Repository/Purchase/Page_Jual Peralatan Rumah Tangga - Harga Te_ee196f/label_Buy 1 Get 1")): Object: 'Object Repository/Purchase/Page_Jual Peralatan Rumah Tangga - Harga Te_ee196f/label_Buy 1 Get 1' is clicked on

2022-09-19 12:10:03 - [MESSAGE][PASSED] - Object: 'Object Repository/Purchase/Page_Jual Peralatan Rumah Tangga - Harga Te_ee196f/label_Buy 1 Get 1' is clicked on

2022-09-19 12:10:03 - [TEST_STEP][PASSED] - selectOptionByValue(findTestObject("Object Repository/Purchase/Page_Jual Peralatan Rumah Tangga - Harga Te_ee196f/select_Paling RelevanHarga TermurahHarga Te_ce4ccc"), "newArrival", true): All options with value 'newArrival' are selected in object 'Object Repository/Purchase/Page_Jual Peralatan Rumah Tangga - Harga Te_ee196f/select_Paling RelevanHarga TermurahHarga Te_ce4ccc'  using regular expression

2022-09-19 12:10:06 - [MESSAGE][PASSED] - All options with value 'newArrival' are selected in object 'Object Repository/Purchase/Page_Jual Peralatan Rumah Tangga - Harga Te_ee196f/select_Paling RelevanHarga TermurahHarga Te_ce4ccc'  using regular expression

2022-09-19 12:10:06 - [TEST_STEP][PASSED] - click(findTestObject("Object Repository/Purchase/Page_Jual Peralatan Rumah Tangga - Harga Te_ee196f/img_Produk Pilihan Untuk Anda_shim lazyload_70f967")): Object: 'Object Repository/Purchase/Page_Jual Peralatan Rumah Tangga - Harga Te_ee196f/img_Produk Pilihan Untuk Anda_shim lazyload_70f967' is clicked on

2022-09-19 12:10:09 - [MESSAGE][PASSED] - Object: 'Object Repository/Purchase/Page_Jual Peralatan Rumah Tangga - Harga Te_ee196f/img_Produk Pilihan Untuk Anda_shim lazyload_70f967' is clicked on

2022-09-19 12:10:09 - [TEST_STEP][PASSED] - click(findTestObject("Object Repository/Purchase/Page_Jual Tatay Alat Pel Bergagang Hitam Kr_287390/button_OK")): Object: 'Object Repository/Purchase/Page_Jual Tatay Alat Pel Bergagang Hitam Kr_287390/button_OK' is clicked on

2022-09-19 12:10:11 - [MESSAGE][PASSED] - Object: 'Object Repository/Purchase/Page_Jual Tatay Alat Pel Bergagang Hitam Kr_287390/button_OK' is clicked on

2022-09-19 12:10:11 - [TEST_STEP][PASSED] - click(findTestObject("Object Repository/Purchase/Page_Jual Tatay Alat Pel Bergagang Hitam Kr_287390/button_Tambah ke keranjang")): Object: 'Object Repository/Purchase/Page_Jual Tatay Alat Pel Bergagang Hitam Kr_287390/button_Tambah ke keranjang' is clicked on

2022-09-19 12:10:12 - [MESSAGE][PASSED] - Object: 'Object Repository/Purchase/Page_Jual Tatay Alat Pel Bergagang Hitam Kr_287390/button_Tambah ke keranjang' is clicked on

2022-09-19 12:10:12 - [TEST_STEP][PASSED] - click(findTestObject("Object Repository/Purchase/Page_Jual Tatay Alat Pel Bergagang Hitam Kr_287390/button_Lanjut Ke Keranjang")): Object: 'Object Repository/Purchase/Page_Jual Tatay Alat Pel Bergagang Hitam Kr_287390/button_Lanjut Ke Keranjang' is clicked on

2022-09-19 12:10:17 - [MESSAGE][PASSED] - Object: 'Object Repository/Purchase/Page_Jual Tatay Alat Pel Bergagang Hitam Kr_287390/button_Lanjut Ke Keranjang' is clicked on

2022-09-19 12:10:17 - [TEST_STEP][PASSED] - click(findTestObject("Object Repository/Purchase/Page_Ruparupa  No.1 Home Living  Furniture _0f4397/button_Lanjutkan ke Pembayaran")): Object: 'Object Repository/Purchase/Page_Ruparupa  No.1 Home Living  Furniture _0f4397/button_Lanjutkan ke Pembayaran' is clicked on

2022-09-19 12:10:17 - [MESSAGE][PASSED] - Object: 'Object Repository/Purchase/Page_Ruparupa  No.1 Home Living  Furniture _0f4397/button_Lanjutkan ke Pembayaran' is clicked on

2022-09-19 12:10:17 - [TEST_STEP][PASSED] - setText(findTestObject("Object Repository/Purchase/Page_Ruparupa.com Payment/input_Daftar_email"), "test@gmail.com"): Text 'test@gmail.com' is set on object 'Object Repository/Purchase/Page_Ruparupa.com Payment/input_Daftar_email'

2022-09-19 12:10:25 - [MESSAGE][PASSED] - Text 'test@gmail.com' is set on object 'Object Repository/Purchase/Page_Ruparupa.com Payment/input_Daftar_email'

2022-09-19 12:10:25 - [TEST_STEP][PASSED] - setEncryptedText(findTestObject("Object Repository/Purchase/Page_Ruparupa.com Payment/input_Alamat email atau nomor telepon tidak_577a7d"), "4kScvkzZepAC/SrB8nQUxQ=="): Text ****** has been set on object 'Object Repository/Purchase/Page_Ruparupa.com Payment/input_Alamat email atau nomor telepon tidak_577a7d'

2022-09-19 12:10:25 - [MESSAGE][PASSED] - Text ****** has been set on object 'Object Repository/Purchase/Page_Ruparupa.com Payment/input_Alamat email atau nomor telepon tidak_577a7d'

2022-09-19 12:10:25 - [TEST_STEP][PASSED] - click(findTestObject("Object Repository/Purchase/Page_Ruparupa.com Payment/button_Masuk")): Object: 'Object Repository/Purchase/Page_Ruparupa.com Payment/button_Masuk' is clicked on

2022-09-19 12:10:26 - [MESSAGE][PASSED] - Object: 'Object Repository/Purchase/Page_Ruparupa.com Payment/button_Masuk' is clicked on

2022-09-19 12:10:26 - [TEST_STEP][PASSED] - click(findTestObject("Object Repository/Purchase/Page_Ruparupa.com Payment/div_Alamat email atau nomor telepon dan pas_c22024")): Object: 'Object Repository/Purchase/Page_Ruparupa.com Payment/div_Alamat email atau nomor telepon dan pas_c22024' is clicked on

2022-09-19 12:10:27 - [MESSAGE][PASSED] - Object: 'Object Repository/Purchase/Page_Ruparupa.com Payment/div_Alamat email atau nomor telepon dan pas_c22024' is clicked on]]></system-out>
         <system-err><![CDATA[]]></system-err>
      </testcase>
      <system-out><![CDATA[2022-09-19 12:09:49 - [TEST_SUITE][PASSED] - Purchase before Login: Test Cases/Purchase]]></system-out>
      <system-err><![CDATA[]]></system-err>
   </testsuite>
</testsuites>
